{
  "stats": {
    "suites": 1,
    "tests": 1,
    "passes": 1,
    "pending": 0,
    "failures": 0,
    "start": "2022-01-02T03:13:12.955Z",
    "end": "2022-01-02T03:13:29.263Z",
    "duration": 16308,
    "testsRegistered": 1,
    "passPercent": 100,
    "pendingPercent": 0,
    "other": 0,
    "hasOther": false,
    "skipped": 0,
    "hasSkipped": false
  },
  "results": [
    {
      "uuid": "0a630ffe-17f1-46c9-a14f-2a2e1d521d9c",
      "title": "",
      "fullFile": "cypress/integration/2-advanced-examples/Test8Framework.js",
      "file": "cypress/integration/2-advanced-examples/Test8Framework.js",
      "beforeHooks": [],
      "afterHooks": [],
      "tests": [],
      "suites": [
        {
          "uuid": "fcbebee6-0b8d-4fa9-aca4-c791671ba045",
          "title": "My 8th Test Suite",
          "fullFile": "",
          "file": "",
          "beforeHooks": [],
          "afterHooks": [],
          "tests": [
            {
              "title": "First Test Case",
              "fullTitle": "My 8th Test Suite First Test Case",
              "timedOut": null,
              "duration": 12542,
              "state": "passed",
              "speed": "slow",
              "pass": true,
              "fail": false,
              "pending": false,
              "context": null,
              "code": "const homePage = new _HomePage.default();\nconst products = new _Products.default();\nconst checkOut = new _CheckOut.default();\ncy.visit(Cypress.env('url3'));\nhomePage.getEditBox().type(this.data.name); // we type that selector with 'input name' since in Angular classes tend to be dynamic and changes constantly\nhomePage.getGender().select(this.data.gender);\nhomePage.getEditBox().should('have.value', this.data.name);\nhomePage.getEditBox().should('have.attr', 'minlength', '2'); // *\nhomePage.getOptionDisabled().should('be.disabled');\nCypress.config('defaultCommandTimeout', 10000);\nhomePage.getShopTab().click();\nthis.data.productName.forEach(function (element) {\n  cy.selectProduct(element);\n});\nproducts.getCheckOut();\nlet totalSum = 0;\ncy.get(\"tr td:nth-child(4) strong\").each(($el, index, $list) => {\n  const price = $el.text();\n  let totalAmount = price.split(' ');\n  totalAmount = totalAmount[1].trim();\n  totalSum = Number(totalSum) + Number(totalAmount);\n}).then(function () {\n  cy.log('El total es ' + totalSum);\n});\nlet total = 0;\ncy.get('h3 strong').then(function ($el) {\n  const amount = $el.text();\n  let result = amount.split(' ');\n  total = result[1].trim();\n  expect(Number(total)).to.equal(totalSum);\n});\nproducts.getCheckOutLast();\ncheckOut.inputCountry();\ncheckOut.showSuggestionChooseCountry();\ncheckOut.checkTermsConditions();\ncheckOut.purchaseButton();\ncheckOut.showAlertSuccess();",
              "err": {},
              "uuid": "20c63774-1cd6-452d-8528-fb9f1e8c75ac",
              "parentUUID": "fcbebee6-0b8d-4fa9-aca4-c791671ba045",
              "isHook": false,
              "skipped": false
            }
          ],
          "suites": [],
          "passes": [
            "20c63774-1cd6-452d-8528-fb9f1e8c75ac"
          ],
          "failures": [],
          "pending": [],
          "skipped": [],
          "duration": 12542,
          "root": false,
          "rootEmpty": false,
          "_timeout": 2000
        }
      ],
      "passes": [],
      "failures": [],
      "pending": [],
      "skipped": [],
      "duration": 0,
      "root": true,
      "rootEmpty": true,
      "_timeout": 2000
    }
  ],
  "meta": {
    "mocha": {
      "version": "7.0.1"
    },
    "mochawesome": {
      "options": {
        "quiet": false,
        "reportFilename": "mochawesome",
        "saveHtml": true,
        "saveJson": true,
        "consoleReporter": "spec",
        "useInlineDiffs": false,
        "code": true
      },
      "version": "7.0.1"
    },
    "marge": {
      "options": null,
      "version": "6.0.1"
    }
  }
}